<?xml version="1.0" encoding="UTF-8"?>
<!-- Generated by org.testng.reporters.JUnitReportReporter -->
<testsuite hostname="LakshmiPC" failures="0" tests="1" name="TestNgDemo.AfterBeforeMethod" time="15.837" errors="0" timestamp="2022-08-30T18:04:45 IST" skipped="0">
  <testcase classname="TestNgDemo.AfterBeforeMethod" name="Act" time="15.837"/>
  <system-out/>
</testsuite> <!-- TestNgDemo.AfterBeforeMethod -->
