<?xml version="1.0" encoding="UTF-8"?>
<!-- Generated by org.testng.reporters.JUnitReportReporter -->
<testsuite hostname="LakshmiPC" failures="0" tests="3" name="TestNgDemo.AddToCart2" time="0.013" errors="0" timestamp="2022-08-30T16:01:05 IST" skipped="0">
  <testcase classname="TestNgDemo.AddToCart2" name="addtocart" time="0.009"/>
  <system-out/>
  <testcase classname="TestNgDemo.AddToCart2" name="removefromcart" time="0.002"/>
  <system-out/>
  <testcase classname="TestNgDemo.AddToCart2" name="selectproduct" time="0.002"/>
  <system-out/>
</testsuite> <!-- TestNgDemo.AddToCart2 -->
