<?xml version="1.0" encoding="UTF-8"?>
<!-- Generated by org.testng.reporters.JUnitReportReporter -->
<testsuite hostname="LakshmiPC" failures="0" tests="3" name="TestNgDemo.Dependsgroup" time="0.011" errors="0" timestamp="2022-08-30T16:03:54 IST" skipped="0">
  <testcase classname="TestNgDemo.Dependsgroup" name="selectproduct" time="0.008"/>
  <system-out/>
  <testcase classname="TestNgDemo.Dependsgroup" name="addtocart" time="0.002"/>
  <system-out/>
  <testcase classname="TestNgDemo.Dependsgroup" name="removefromcart" time="0.001"/>
  <system-out/>
</testsuite> <!-- TestNgDemo.Dependsgroup -->
