<?xml version="1.0" encoding="UTF-8"?>
<!-- Generated by org.testng.reporters.JUnitReportReporter -->
<testsuite hostname="LakshmiPC" failures="0" tests="3" name="TestNgDemo.NewTest1" time="0.010" errors="0" timestamp="2022-08-24T16:39:07 IST" skipped="0">
  <testcase classname="TestNgDemo.NewTest1" name="sample" time="0.003"/>
  <system-out/>
  <testcase classname="TestNgDemo.NewTest1" name="test1" time="0.000"/>
  <system-out/>
  <testcase classname="TestNgDemo.NewTest1" name="demo" time="0.007"/>
  <system-out/>
</testsuite> <!-- TestNgDemo.NewTest1 -->
