<?xml version="1.0" encoding="UTF-8"?>
<!-- Generated by org.testng.reporters.JUnitReportReporter -->
<testsuite hostname="LakshmiPC" failures="0" tests="2" name="TestNgDemo.AfterBeforeclass" time="0.007" errors="0" timestamp="2022-08-30T17:02:04 IST" skipped="0">
  <testcase classname="TestNgDemo.AfterBeforeclass" name="test1" time="0.006"/>
  <system-out/>
  <testcase classname="TestNgDemo.AfterBeforeclass" name="test2" time="0.001"/>
  <system-out/>
</testsuite> <!-- TestNgDemo.AfterBeforeclass -->
