<?xml version="1.0" encoding="UTF-8"?>
<!-- Generated by org.testng.reporters.JUnitReportReporter -->
<testsuite hostname="LakshmiPC" failures="0" tests="2" name="TestNgDemo.AfterBeforeTest" time="0.007" errors="0" timestamp="2022-08-30T17:13:05 IST" skipped="0">
  <testcase classname="TestNgDemo.AfterBeforeTest" name="test1" time="0.005"/>
  <system-out/>
  <testcase classname="TestNgDemo.AfterBeforeTest" name="test2" time="0.002"/>
  <system-out/>
</testsuite> <!-- TestNgDemo.AfterBeforeTest -->
