<?xml version="1.0" encoding="UTF-8"?>
<!-- Generated by org.testng.reporters.JUnitReportReporter -->
<testsuite hostname="LakshmiPC" failures="0" tests="3" name="TestNgDemo.NewTest" time="0.016" errors="0" timestamp="2022-08-24T16:29:19 IST" skipped="0">
  <testcase classname="TestNgDemo.NewTest" name="test2" time="0.004"/>
  <system-out/>
  <testcase classname="TestNgDemo.NewTest" name="test3" time="0.001"/>
  <system-out/>
  <testcase classname="TestNgDemo.NewTest" name="test1" time="0.011"/>
  <system-out/>
</testsuite> <!-- TestNgDemo.NewTest -->
