<?xml version="1.0" encoding="UTF-8"?>
<!-- Generated by org.testng.reporters.JUnitReportReporter -->
<testsuite hostname="LakshmiPC" failures="0" tests="6" name="TestNgDemo.PriorityTesting" time="0.026" errors="0" timestamp="2022-08-24T18:26:03 IST" skipped="0">
  <testcase classname="TestNgDemo.PriorityTesting" name="test" time="0.001"/>
  <system-out/>
  <testcase classname="TestNgDemo.PriorityTesting" name="test" time="0.011"/>
  <system-out/>
  <testcase classname="TestNgDemo.PriorityTesting" name="test" time="0.003"/>
  <system-out/>
  <testcase classname="TestNgDemo.PriorityTesting" name="test" time="0.001"/>
  <system-out/>
  <testcase classname="TestNgDemo.PriorityTesting" name="demo" time="0.003"/>
  <system-out/>
  <testcase classname="TestNgDemo.PriorityTesting" name="sample" time="0.007"/>
  <system-out/>
</testsuite> <!-- TestNgDemo.PriorityTesting -->
